     1 00000000                                 [FORMAT "WCOFF"]
     2 00000000                                 [INSTRSET "i486p"]
     3 00000000                                 [OPTIMIZE 1]
     4 00000000                                 [OPTION 1]
     5 00000000                                 [BITS 32]
     6 00000000                                 	EXTERN	_sprintf
     7 00000000                                 	EXTERN	_io_hlt
     8 00000000                                 	EXTERN	_io_load_eflags
     9 00000000                                 	EXTERN	_io_cli
    10 00000000                                 	EXTERN	_io_out8
    11 00000000                                 	EXTERN	_io_store_eflags
    12 00000000                                 	EXTERN	_hankaku
    13 00000000                                 [FILE "bootpack.c"]
    14                                          [SECTION .data]
    15 00000000                                 LC0:
    16 00000000 41 42 43 20 31 32 33 00         	DB	"ABC 123",0x00
    17 00000008                                 LC1:
    18 00000008 48 61 72 69 62 6F 74 65 20 4F   	DB	"Haribote OS.",0x00
       00000012 53 2E 00 
    19 00000015                                 LC2:
    20 00000015 73 63 72 6E 78 20 3D 20 25 64   	DB	"scrnx = %d",0x00
       0000001F 00 
    21                                          [SECTION .text]
    22 00000000                                 	GLOBAL	_HariMain
    23 00000000                                 _HariMain:
    24 00000000 55                              	PUSH	EBP
    25 00000001 89 E5                           	MOV	EBP,ESP
    26 00000003 57                              	PUSH	EDI
    27 00000004 56                              	PUSH	ESI
    28 00000005 53                              	PUSH	EBX
    29 00000006 8D 9D FFFFFEC4                  	LEA	EBX,DWORD [-316+EBP]
    30 0000000C 81 EC 00000130                  	SUB	ESP,304
    31 00000012 E8 00000103                     	CALL	_init_palette
    32 00000017 0F BF 05 00000FF6               	MOVSX	EAX,WORD [4086]
    33 0000001E 50                              	PUSH	EAX
    34 0000001F 0F BF 05 00000FF4               	MOVSX	EAX,WORD [4084]
    35 00000026 50                              	PUSH	EAX
    36 00000027 FF 35 00000FF8                  	PUSH	DWORD [4088]
    37 0000002D E8 00000183                     	CALL	_init_screen
    38 00000032 B9 00000002                     	MOV	ECX,2
    39 00000037 0F BF 05 00000FF4               	MOVSX	EAX,WORD [4084]
    40 0000003E 8D 50 F0                        	LEA	EDX,DWORD [-16+EAX]
    41 00000041 89 D0                           	MOV	EAX,EDX
    42 00000043 99                              	CDQ
    43 00000044 F7 F9                           	IDIV	ECX
    44 00000046 0F BF 15 00000FF6               	MOVSX	EDX,WORD [4086]
    45 0000004D 83 EA 2C                        	SUB	EDX,44
    46 00000050 89 C7                           	MOV	EDI,EAX
    47 00000052 89 D0                           	MOV	EAX,EDX
    48 00000054 6A 0E                           	PUSH	14
    49 00000056 99                              	CDQ
    50 00000057 F7 F9                           	IDIV	ECX
    51 00000059 53                              	PUSH	EBX
    52 0000005A 89 C6                           	MOV	ESI,EAX
    53 0000005C E8 00000405                     	CALL	_init_mouse_cursor8
    54 00000061 6A 10                           	PUSH	16
    55 00000063 53                              	PUSH	EBX
    56 00000064 8D 5D C4                        	LEA	EBX,DWORD [-60+EBP]
    57 00000067 56                              	PUSH	ESI
    58 00000068 57                              	PUSH	EDI
    59 00000069 6A 10                           	PUSH	16
    60 0000006B 6A 10                           	PUSH	16
    61 0000006D 0F BF 05 00000FF4               	MOVSX	EAX,WORD [4084]
    62 00000074 50                              	PUSH	EAX
    63 00000075 FF 35 00000FF8                  	PUSH	DWORD [4088]
    64 0000007B E8 00000443                     	CALL	_putblock8_8
    65 00000080 83 C4 34                        	ADD	ESP,52
    66 00000083 68 [00000000]                   	PUSH	LC0
    67 00000088 6A 07                           	PUSH	7
    68 0000008A 6A 08                           	PUSH	8
    69 0000008C 6A 08                           	PUSH	8
    70 0000008E 0F BF 05 00000FF4               	MOVSX	EAX,WORD [4084]
    71 00000095 50                              	PUSH	EAX
    72 00000096 FF 35 00000FF8                  	PUSH	DWORD [4088]
    73 0000009C E8 00000376                     	CALL	_putfonts8_asc
    74 000000A1 68 [00000008]                   	PUSH	LC1
    75 000000A6 6A 00                           	PUSH	0
    76 000000A8 6A 1F                           	PUSH	31
    77 000000AA 6A 1F                           	PUSH	31
    78 000000AC 0F BF 05 00000FF4               	MOVSX	EAX,WORD [4084]
    79 000000B3 50                              	PUSH	EAX
    80 000000B4 FF 35 00000FF8                  	PUSH	DWORD [4088]
    81 000000BA E8 00000358                     	CALL	_putfonts8_asc
    82 000000BF 83 C4 30                        	ADD	ESP,48
    83 000000C2 68 [00000008]                   	PUSH	LC1
    84 000000C7 6A 07                           	PUSH	7
    85 000000C9 6A 1E                           	PUSH	30
    86 000000CB 6A 1E                           	PUSH	30
    87 000000CD 0F BF 05 00000FF4               	MOVSX	EAX,WORD [4084]
    88 000000D4 50                              	PUSH	EAX
    89 000000D5 FF 35 00000FF8                  	PUSH	DWORD [4088]
    90 000000DB E8 00000337                     	CALL	_putfonts8_asc
    91 000000E0 0F BF 05 00000FF4               	MOVSX	EAX,WORD [4084]
    92 000000E7 50                              	PUSH	EAX
    93 000000E8 68 [00000015]                   	PUSH	LC2
    94 000000ED 53                              	PUSH	EBX
    95 000000EE E8 [00000000]                   	CALL	_sprintf
    96 000000F3 83 C4 24                        	ADD	ESP,36
    97 000000F6 53                              	PUSH	EBX
    98 000000F7 6A 07                           	PUSH	7
    99 000000F9 6A 40                           	PUSH	64
   100 000000FB 6A 10                           	PUSH	16
   101 000000FD 0F BF 05 00000FF4               	MOVSX	EAX,WORD [4084]
   102 00000104 50                              	PUSH	EAX
   103 00000105 FF 35 00000FF8                  	PUSH	DWORD [4088]
   104 0000010B E8 00000307                     	CALL	_putfonts8_asc
   105 00000110 83 C4 18                        	ADD	ESP,24
   106 00000113                                 L2:
   107 00000113 E8 [00000000]                   	CALL	_io_hlt
   108 00000118 EB F9                           	JMP	L2
   109                                          [SECTION .data]
   110 00000020                                 _table_rgb.0:
   111 00000020 00                              	DB	0
   112 00000021 00                              	DB	0
   113 00000022 00                              	DB	0
   114 00000023 FF                              	DB	-1
   115 00000024 00                              	DB	0
   116 00000025 00                              	DB	0
   117 00000026 00                              	DB	0
   118 00000027 FF                              	DB	-1
   119 00000028 00                              	DB	0
   120 00000029 FF                              	DB	-1
   121 0000002A FF                              	DB	-1
   122 0000002B 00                              	DB	0
   123 0000002C 00                              	DB	0
   124 0000002D 00                              	DB	0
   125 0000002E FF                              	DB	-1
   126 0000002F FF                              	DB	-1
   127 00000030 00                              	DB	0
   128 00000031 FF                              	DB	-1
   129 00000032 00                              	DB	0
   130 00000033 FF                              	DB	-1
   131 00000034 FF                              	DB	-1
   132 00000035 FF                              	DB	-1
   133 00000036 FF                              	DB	-1
   134 00000037 FF                              	DB	-1
   135 00000038 C6                              	DB	-58
   136 00000039 C6                              	DB	-58
   137 0000003A C6                              	DB	-58
   138 0000003B 84                              	DB	-124
   139 0000003C 00                              	DB	0
   140 0000003D 00                              	DB	0
   141 0000003E 00                              	DB	0
   142 0000003F 84                              	DB	-124
   143 00000040 00                              	DB	0
   144 00000041 84                              	DB	-124
   145 00000042 84                              	DB	-124
   146 00000043 00                              	DB	0
   147 00000044 00                              	DB	0
   148 00000045 00                              	DB	0
   149 00000046 84                              	DB	-124
   150 00000047 84                              	DB	-124
   151 00000048 00                              	DB	0
   152 00000049 84                              	DB	-124
   153 0000004A 00                              	DB	0
   154 0000004B 84                              	DB	-124
   155 0000004C 84                              	DB	-124
   156 0000004D 84                              	DB	-124
   157 0000004E 84                              	DB	-124
   158 0000004F 84                              	DB	-124
   159                                          [SECTION .text]
   160 0000011A                                 	GLOBAL	_init_palette
   161 0000011A                                 _init_palette:
   162 0000011A 55                              	PUSH	EBP
   163 0000011B 89 E5                           	MOV	EBP,ESP
   164 0000011D 68 [00000020]                   	PUSH	_table_rgb.0
   165 00000122 6A 0F                           	PUSH	15
   166 00000124 6A 00                           	PUSH	0
   167 00000126 E8 00000002                     	CALL	_set_palette
   168 0000012B C9                              	LEAVE
   169 0000012C C3                              	RET
   170 0000012D                                 	GLOBAL	_set_palette
   171 0000012D                                 _set_palette:
   172 0000012D 55                              	PUSH	EBP
   173 0000012E 89 E5                           	MOV	EBP,ESP
   174 00000130 57                              	PUSH	EDI
   175 00000131 56                              	PUSH	ESI
   176 00000132 53                              	PUSH	EBX
   177 00000133 51                              	PUSH	ECX
   178 00000134 8B 5D 08                        	MOV	EBX,DWORD [8+EBP]
   179 00000137 8B 7D 0C                        	MOV	EDI,DWORD [12+EBP]
   180 0000013A 8B 75 10                        	MOV	ESI,DWORD [16+EBP]
   181 0000013D E8 [00000000]                   	CALL	_io_load_eflags
   182 00000142 89 45 F0                        	MOV	DWORD [-16+EBP],EAX
   183 00000145 E8 [00000000]                   	CALL	_io_cli
   184 0000014A 53                              	PUSH	EBX
   185 0000014B 68 000003C8                     	PUSH	968
   186 00000150 E8 [00000000]                   	CALL	_io_out8
   187 00000155 39 FB                           	CMP	EBX,EDI
   188 00000157 58                              	POP	EAX
   189 00000158 5A                              	POP	EDX
   190 00000159 7E 12                           	JLE	L11
   191 0000015B                                 L13:
   192 0000015B 8B 45 F0                        	MOV	EAX,DWORD [-16+EBP]
   193 0000015E 89 45 08                        	MOV	DWORD [8+EBP],EAX
   194 00000161 8D 65 F4                        	LEA	ESP,DWORD [-12+EBP]
   195 00000164 5B                              	POP	EBX
   196 00000165 5E                              	POP	ESI
   197 00000166 5F                              	POP	EDI
   198 00000167 5D                              	POP	EBP
   199 00000168 E9 [00000000]                   	JMP	_io_store_eflags
   200 0000016D                                 L11:
   201 0000016D 8A 06                           	MOV	AL,BYTE [ESI]
   202 0000016F 43                              	INC	EBX
   203 00000170 C0 E8 02                        	SHR	AL,2
   204 00000173 0F B6 C0                        	MOVZX	EAX,AL
   205 00000176 50                              	PUSH	EAX
   206 00000177 68 000003C9                     	PUSH	969
   207 0000017C E8 [00000000]                   	CALL	_io_out8
   208 00000181 8A 46 01                        	MOV	AL,BYTE [1+ESI]
   209 00000184 C0 E8 02                        	SHR	AL,2
   210 00000187 0F B6 C0                        	MOVZX	EAX,AL
   211 0000018A 50                              	PUSH	EAX
   212 0000018B 68 000003C9                     	PUSH	969
   213 00000190 E8 [00000000]                   	CALL	_io_out8
   214 00000195 8A 46 02                        	MOV	AL,BYTE [2+ESI]
   215 00000198 C0 E8 02                        	SHR	AL,2
   216 0000019B 83 C6 03                        	ADD	ESI,3
   217 0000019E 0F B6 C0                        	MOVZX	EAX,AL
   218 000001A1 50                              	PUSH	EAX
   219 000001A2 68 000003C9                     	PUSH	969
   220 000001A7 E8 [00000000]                   	CALL	_io_out8
   221 000001AC 83 C4 18                        	ADD	ESP,24
   222 000001AF 39 FB                           	CMP	EBX,EDI
   223 000001B1 7E BA                           	JLE	L11
   224 000001B3 EB A6                           	JMP	L13
   225 000001B5                                 	GLOBAL	_init_screen
   226 000001B5                                 _init_screen:
   227 000001B5 55                              	PUSH	EBP
   228 000001B6 89 E5                           	MOV	EBP,ESP
   229 000001B8 57                              	PUSH	EDI
   230 000001B9 56                              	PUSH	ESI
   231 000001BA 53                              	PUSH	EBX
   232 000001BB 83 EC 0C                        	SUB	ESP,12
   233 000001BE 8B 45 10                        	MOV	EAX,DWORD [16+EBP]
   234 000001C1 8B 7D 0C                        	MOV	EDI,DWORD [12+EBP]
   235 000001C4 83 E8 1D                        	SUB	EAX,29
   236 000001C7 4F                              	DEC	EDI
   237 000001C8 50                              	PUSH	EAX
   238 000001C9 57                              	PUSH	EDI
   239 000001CA 6A 00                           	PUSH	0
   240 000001CC 6A 00                           	PUSH	0
   241 000001CE 6A 0E                           	PUSH	14
   242 000001D0 FF 75 0C                        	PUSH	DWORD [12+EBP]
   243 000001D3 FF 75 08                        	PUSH	DWORD [8+EBP]
   244 000001D6 E8 00000165                     	CALL	_boxfill8
   245 000001DB 8B 45 10                        	MOV	EAX,DWORD [16+EBP]
   246 000001DE 83 E8 1C                        	SUB	EAX,28
   247 000001E1 50                              	PUSH	EAX
   248 000001E2 57                              	PUSH	EDI
   249 000001E3 50                              	PUSH	EAX
   250 000001E4 6A 00                           	PUSH	0
   251 000001E6 6A 08                           	PUSH	8
   252 000001E8 FF 75 0C                        	PUSH	DWORD [12+EBP]
   253 000001EB FF 75 08                        	PUSH	DWORD [8+EBP]
   254 000001EE E8 0000014D                     	CALL	_boxfill8
   255 000001F3 8B 45 10                        	MOV	EAX,DWORD [16+EBP]
   256 000001F6 83 C4 38                        	ADD	ESP,56
   257 000001F9 83 E8 1B                        	SUB	EAX,27
   258 000001FC 50                              	PUSH	EAX
   259 000001FD 57                              	PUSH	EDI
   260 000001FE 50                              	PUSH	EAX
   261 000001FF 6A 00                           	PUSH	0
   262 00000201 6A 07                           	PUSH	7
   263 00000203 FF 75 0C                        	PUSH	DWORD [12+EBP]
   264 00000206 FF 75 08                        	PUSH	DWORD [8+EBP]
   265 00000209 E8 00000132                     	CALL	_boxfill8
   266 0000020E 8B 45 10                        	MOV	EAX,DWORD [16+EBP]
   267 00000211 48                              	DEC	EAX
   268 00000212 50                              	PUSH	EAX
   269 00000213 8B 45 10                        	MOV	EAX,DWORD [16+EBP]
   270 00000216 57                              	PUSH	EDI
   271 00000217 83 E8 1A                        	SUB	EAX,26
   272 0000021A 50                              	PUSH	EAX
   273 0000021B 6A 00                           	PUSH	0
   274 0000021D 6A 08                           	PUSH	8
   275 0000021F FF 75 0C                        	PUSH	DWORD [12+EBP]
   276 00000222 FF 75 08                        	PUSH	DWORD [8+EBP]
   277 00000225 E8 00000116                     	CALL	_boxfill8
   278 0000022A 8B 75 10                        	MOV	ESI,DWORD [16+EBP]
   279 0000022D 83 C4 38                        	ADD	ESP,56
   280 00000230 83 EE 18                        	SUB	ESI,24
   281 00000233 56                              	PUSH	ESI
   282 00000234 6A 3B                           	PUSH	59
   283 00000236 56                              	PUSH	ESI
   284 00000237 6A 03                           	PUSH	3
   285 00000239 6A 07                           	PUSH	7
   286 0000023B FF 75 0C                        	PUSH	DWORD [12+EBP]
   287 0000023E FF 75 08                        	PUSH	DWORD [8+EBP]
   288 00000241 E8 000000FA                     	CALL	_boxfill8
   289 00000246 8B 45 10                        	MOV	EAX,DWORD [16+EBP]
   290 00000249 83 E8 04                        	SUB	EAX,4
   291 0000024C 50                              	PUSH	EAX
   292 0000024D 89 45 F0                        	MOV	DWORD [-16+EBP],EAX
   293 00000250 6A 02                           	PUSH	2
   294 00000252 56                              	PUSH	ESI
   295 00000253 6A 02                           	PUSH	2
   296 00000255 6A 07                           	PUSH	7
   297 00000257 FF 75 0C                        	PUSH	DWORD [12+EBP]
   298 0000025A FF 75 08                        	PUSH	DWORD [8+EBP]
   299 0000025D E8 000000DE                     	CALL	_boxfill8
   300 00000262 83 C4 38                        	ADD	ESP,56
   301 00000265 FF 75 F0                        	PUSH	DWORD [-16+EBP]
   302 00000268 6A 3B                           	PUSH	59
   303 0000026A FF 75 F0                        	PUSH	DWORD [-16+EBP]
   304 0000026D 6A 03                           	PUSH	3
   305 0000026F 6A 0F                           	PUSH	15
   306 00000271 FF 75 0C                        	PUSH	DWORD [12+EBP]
   307 00000274 FF 75 08                        	PUSH	DWORD [8+EBP]
   308 00000277 E8 000000C4                     	CALL	_boxfill8
   309 0000027C 8B 45 10                        	MOV	EAX,DWORD [16+EBP]
   310 0000027F 83 E8 05                        	SUB	EAX,5
   311 00000282 50                              	PUSH	EAX
   312 00000283 8B 45 10                        	MOV	EAX,DWORD [16+EBP]
   313 00000286 6A 3B                           	PUSH	59
   314 00000288 83 E8 17                        	SUB	EAX,23
   315 0000028B 50                              	PUSH	EAX
   316 0000028C 89 45 EC                        	MOV	DWORD [-20+EBP],EAX
   317 0000028F 6A 3B                           	PUSH	59
   318 00000291 6A 0F                           	PUSH	15
   319 00000293 FF 75 0C                        	PUSH	DWORD [12+EBP]
   320 00000296 FF 75 08                        	PUSH	DWORD [8+EBP]
   321 00000299 E8 000000A2                     	CALL	_boxfill8
   322 0000029E 8B 45 10                        	MOV	EAX,DWORD [16+EBP]
   323 000002A1 83 C4 38                        	ADD	ESP,56
   324 000002A4 83 E8 03                        	SUB	EAX,3
   325 000002A7 89 45 E8                        	MOV	DWORD [-24+EBP],EAX
   326 000002AA 50                              	PUSH	EAX
   327 000002AB 6A 3B                           	PUSH	59
   328 000002AD 50                              	PUSH	EAX
   329 000002AE 6A 02                           	PUSH	2
   330 000002B0 6A 00                           	PUSH	0
   331 000002B2 FF 75 0C                        	PUSH	DWORD [12+EBP]
   332 000002B5 FF 75 08                        	PUSH	DWORD [8+EBP]
   333 000002B8 E8 00000083                     	CALL	_boxfill8
   334 000002BD FF 75 E8                        	PUSH	DWORD [-24+EBP]
   335 000002C0 6A 3C                           	PUSH	60
   336 000002C2 56                              	PUSH	ESI
   337 000002C3 6A 3C                           	PUSH	60
   338 000002C5 6A 00                           	PUSH	0
   339 000002C7 FF 75 0C                        	PUSH	DWORD [12+EBP]
   340 000002CA FF 75 08                        	PUSH	DWORD [8+EBP]
   341 000002CD E8 0000006E                     	CALL	_boxfill8
   342 000002D2 8B 7D 0C                        	MOV	EDI,DWORD [12+EBP]
   343 000002D5 83 C4 38                        	ADD	ESP,56
   344 000002D8 8B 5D 0C                        	MOV	EBX,DWORD [12+EBP]
   345 000002DB 83 EB 04                        	SUB	EBX,4
   346 000002DE 83 EF 2F                        	SUB	EDI,47
   347 000002E1 56                              	PUSH	ESI
   348 000002E2 53                              	PUSH	EBX
   349 000002E3 56                              	PUSH	ESI
   350 000002E4 57                              	PUSH	EDI
   351 000002E5 6A 0F                           	PUSH	15
   352 000002E7 FF 75 0C                        	PUSH	DWORD [12+EBP]
   353 000002EA FF 75 08                        	PUSH	DWORD [8+EBP]
   354 000002ED E8 0000004E                     	CALL	_boxfill8
   355 000002F2 FF 75 F0                        	PUSH	DWORD [-16+EBP]
   356 000002F5 57                              	PUSH	EDI
   357 000002F6 FF 75 EC                        	PUSH	DWORD [-20+EBP]
   358 000002F9 57                              	PUSH	EDI
   359 000002FA 6A 0F                           	PUSH	15
   360 000002FC FF 75 0C                        	PUSH	DWORD [12+EBP]
   361 000002FF FF 75 08                        	PUSH	DWORD [8+EBP]
   362 00000302 E8 00000039                     	CALL	_boxfill8
   363 00000307 83 C4 38                        	ADD	ESP,56
   364 0000030A FF 75 E8                        	PUSH	DWORD [-24+EBP]
   365 0000030D 53                              	PUSH	EBX
   366 0000030E FF 75 E8                        	PUSH	DWORD [-24+EBP]
   367 00000311 57                              	PUSH	EDI
   368 00000312 6A 07                           	PUSH	7
   369 00000314 FF 75 0C                        	PUSH	DWORD [12+EBP]
   370 00000317 FF 75 08                        	PUSH	DWORD [8+EBP]
   371 0000031A E8 00000021                     	CALL	_boxfill8
   372 0000031F 8B 45 0C                        	MOV	EAX,DWORD [12+EBP]
   373 00000322 FF 75 E8                        	PUSH	DWORD [-24+EBP]
   374 00000325 83 E8 03                        	SUB	EAX,3
   375 00000328 50                              	PUSH	EAX
   376 00000329 56                              	PUSH	ESI
   377 0000032A 50                              	PUSH	EAX
   378 0000032B 6A 07                           	PUSH	7
   379 0000032D FF 75 0C                        	PUSH	DWORD [12+EBP]
   380 00000330 FF 75 08                        	PUSH	DWORD [8+EBP]
   381 00000333 E8 00000008                     	CALL	_boxfill8
   382 00000338 8D 65 F4                        	LEA	ESP,DWORD [-12+EBP]
   383 0000033B 5B                              	POP	EBX
   384 0000033C 5E                              	POP	ESI
   385 0000033D 5F                              	POP	EDI
   386 0000033E 5D                              	POP	EBP
   387 0000033F C3                              	RET
   388 00000340                                 	GLOBAL	_boxfill8
   389 00000340                                 _boxfill8:
   390 00000340 55                              	PUSH	EBP
   391 00000341 89 E5                           	MOV	EBP,ESP
   392 00000343 57                              	PUSH	EDI
   393 00000344 56                              	PUSH	ESI
   394 00000345 53                              	PUSH	EBX
   395 00000346 57                              	PUSH	EDI
   396 00000347 57                              	PUSH	EDI
   397 00000348 8A 45 10                        	MOV	AL,BYTE [16+EBP]
   398 0000034B 8B 4D 18                        	MOV	ECX,DWORD [24+EBP]
   399 0000034E 8B 7D 1C                        	MOV	EDI,DWORD [28+EBP]
   400 00000351 88 45 F3                        	MOV	BYTE [-13+EBP],AL
   401 00000354 3B 4D 20                        	CMP	ECX,DWORD [32+EBP]
   402 00000357 7F 31                           	JG	L27
   403 00000359 8B 5D 0C                        	MOV	EBX,DWORD [12+EBP]
   404 0000035C 0F AF D9                        	IMUL	EBX,ECX
   405 0000035F                                 L25:
   406 0000035F 8B 55 14                        	MOV	EDX,DWORD [20+EBP]
   407 00000362 39 FA                           	CMP	EDX,EDI
   408 00000364 7F 1B                           	JG	L29
   409 00000366 8B 75 08                        	MOV	ESI,DWORD [8+EBP]
   410 00000369 01 DE                           	ADD	ESI,EBX
   411 0000036B 01 D6                           	ADD	ESI,EDX
   412 0000036D 89 75 EC                        	MOV	DWORD [-20+EBP],ESI
   413 00000370                                 L24:
   414 00000370 8B 75 EC                        	MOV	ESI,DWORD [-20+EBP]
   415 00000373 8A 45 F3                        	MOV	AL,BYTE [-13+EBP]
   416 00000376 42                              	INC	EDX
   417 00000377 88 06                           	MOV	BYTE [ESI],AL
   418 00000379 46                              	INC	ESI
   419 0000037A 89 75 EC                        	MOV	DWORD [-20+EBP],ESI
   420 0000037D 39 FA                           	CMP	EDX,EDI
   421 0000037F 7E EF                           	JLE	L24
   422 00000381                                 L29:
   423 00000381 41                              	INC	ECX
   424 00000382 03 5D 0C                        	ADD	EBX,DWORD [12+EBP]
   425 00000385 3B 4D 20                        	CMP	ECX,DWORD [32+EBP]
   426 00000388 7E D5                           	JLE	L25
   427 0000038A                                 L27:
   428 0000038A 5B                              	POP	EBX
   429 0000038B 5E                              	POP	ESI
   430 0000038C 5B                              	POP	EBX
   431 0000038D 5E                              	POP	ESI
   432 0000038E 5F                              	POP	EDI
   433 0000038F 5D                              	POP	EBP
   434 00000390 C3                              	RET
   435 00000391                                 	GLOBAL	_putfont8
   436 00000391                                 _putfont8:
   437 00000391 55                              	PUSH	EBP
   438 00000392 89 E5                           	MOV	EBP,ESP
   439 00000394 57                              	PUSH	EDI
   440 00000395 56                              	PUSH	ESI
   441 00000396 31 F6                           	XOR	ESI,ESI
   442 00000398 53                              	PUSH	EBX
   443 00000399 8B 7D 1C                        	MOV	EDI,DWORD [28+EBP]
   444 0000039C 8A 5D 18                        	MOV	BL,BYTE [24+EBP]
   445 0000039F                                 L43:
   446 0000039F 8B 45 14                        	MOV	EAX,DWORD [20+EBP]
   447 000003A2 8B 55 10                        	MOV	EDX,DWORD [16+EBP]
   448 000003A5 01 F0                           	ADD	EAX,ESI
   449 000003A7 0F AF 45 0C                     	IMUL	EAX,DWORD [12+EBP]
   450 000003AB 03 45 08                        	ADD	EAX,DWORD [8+EBP]
   451 000003AE 8D 0C 02                        	LEA	ECX,DWORD [EDX+EAX*1]
   452 000003B1 8A 14 3E                        	MOV	DL,BYTE [ESI+EDI*1]
   453 000003B4 84 D2                           	TEST	DL,DL
   454 000003B6 79 02                           	JNS	L35
   455 000003B8 88 19                           	MOV	BYTE [ECX],BL
   456 000003BA                                 L35:
   457 000003BA 88 D0                           	MOV	AL,DL
   458 000003BC 83 E0 40                        	AND	EAX,64
   459 000003BF 84 C0                           	TEST	AL,AL
   460 000003C1 74 03                           	JE	L36
   461 000003C3 88 59 01                        	MOV	BYTE [1+ECX],BL
   462 000003C6                                 L36:
   463 000003C6 88 D0                           	MOV	AL,DL
   464 000003C8 83 E0 20                        	AND	EAX,32
   465 000003CB 84 C0                           	TEST	AL,AL
   466 000003CD 74 03                           	JE	L37
   467 000003CF 88 59 02                        	MOV	BYTE [2+ECX],BL
   468 000003D2                                 L37:
   469 000003D2 88 D0                           	MOV	AL,DL
   470 000003D4 83 E0 10                        	AND	EAX,16
   471 000003D7 84 C0                           	TEST	AL,AL
   472 000003D9 74 03                           	JE	L38
   473 000003DB 88 59 03                        	MOV	BYTE [3+ECX],BL
   474 000003DE                                 L38:
   475 000003DE 88 D0                           	MOV	AL,DL
   476 000003E0 83 E0 08                        	AND	EAX,8
   477 000003E3 84 C0                           	TEST	AL,AL
   478 000003E5 74 03                           	JE	L39
   479 000003E7 88 59 04                        	MOV	BYTE [4+ECX],BL
   480 000003EA                                 L39:
   481 000003EA 88 D0                           	MOV	AL,DL
   482 000003EC 83 E0 04                        	AND	EAX,4
   483 000003EF 84 C0                           	TEST	AL,AL
   484 000003F1 74 03                           	JE	L40
   485 000003F3 88 59 05                        	MOV	BYTE [5+ECX],BL
   486 000003F6                                 L40:
   487 000003F6 88 D0                           	MOV	AL,DL
   488 000003F8 83 E0 02                        	AND	EAX,2
   489 000003FB 84 C0                           	TEST	AL,AL
   490 000003FD 74 03                           	JE	L41
   491 000003FF 88 59 06                        	MOV	BYTE [6+ECX],BL
   492 00000402                                 L41:
   493 00000402 83 E2 01                        	AND	EDX,1
   494 00000405 84 D2                           	TEST	DL,DL
   495 00000407 74 03                           	JE	L33
   496 00000409 88 59 07                        	MOV	BYTE [7+ECX],BL
   497 0000040C                                 L33:
   498 0000040C 46                              	INC	ESI
   499 0000040D 83 FE 0F                        	CMP	ESI,15
   500 00000410 7E 8D                           	JLE	L43
   501 00000412 5B                              	POP	EBX
   502 00000413 5E                              	POP	ESI
   503 00000414 5F                              	POP	EDI
   504 00000415 5D                              	POP	EBP
   505 00000416 C3                              	RET
   506 00000417                                 	GLOBAL	_putfonts8_asc
   507 00000417                                 _putfonts8_asc:
   508 00000417 55                              	PUSH	EBP
   509 00000418 89 E5                           	MOV	EBP,ESP
   510 0000041A 57                              	PUSH	EDI
   511 0000041B 56                              	PUSH	ESI
   512 0000041C 53                              	PUSH	EBX
   513 0000041D 50                              	PUSH	EAX
   514 0000041E 8B 5D 1C                        	MOV	EBX,DWORD [28+EBP]
   515 00000421 8A 45 18                        	MOV	AL,BYTE [24+EBP]
   516 00000424 88 45 F3                        	MOV	BYTE [-13+EBP],AL
   517 00000427 8B 75 10                        	MOV	ESI,DWORD [16+EBP]
   518 0000042A 8B 7D 14                        	MOV	EDI,DWORD [20+EBP]
   519 0000042D 80 3B 00                        	CMP	BYTE [EBX],0
   520 00000430 75 08                           	JNE	L51
   521 00000432                                 L53:
   522 00000432 8D 65 F4                        	LEA	ESP,DWORD [-12+EBP]
   523 00000435 5B                              	POP	EBX
   524 00000436 5E                              	POP	ESI
   525 00000437 5F                              	POP	EDI
   526 00000438 5D                              	POP	EBP
   527 00000439 C3                              	RET
   528 0000043A                                 L51:
   529 0000043A 0F B6 03                        	MOVZX	EAX,BYTE [EBX]
   530 0000043D C1 E0 04                        	SAL	EAX,4
   531 00000440 43                              	INC	EBX
   532 00000441 05 [00000000]                   	ADD	EAX,_hankaku
   533 00000446 50                              	PUSH	EAX
   534 00000447 0F BE 45 F3                     	MOVSX	EAX,BYTE [-13+EBP]
   535 0000044B 50                              	PUSH	EAX
   536 0000044C 57                              	PUSH	EDI
   537 0000044D 56                              	PUSH	ESI
   538 0000044E 83 C6 08                        	ADD	ESI,8
   539 00000451 FF 75 0C                        	PUSH	DWORD [12+EBP]
   540 00000454 FF 75 08                        	PUSH	DWORD [8+EBP]
   541 00000457 E8 FFFFFF35                     	CALL	_putfont8
   542 0000045C 83 C4 18                        	ADD	ESP,24
   543 0000045F 80 3B 00                        	CMP	BYTE [EBX],0
   544 00000462 75 D6                           	JNE	L51
   545 00000464 EB CC                           	JMP	L53
   546                                          [SECTION .data]
   547 00000050                                 _cursor.1:
   548 00000050 2A 2A 2A 2A 2A 2A 2A 2A 2A 2A   	DB	"**************.."
       0000005A 2A 2A 2A 2A 2E 2E 
   549 00000060 2A 4F 4F 4F 4F 4F 4F 4F 4F 4F   	DB	"*OOOOOOOOOOO*..."
       0000006A 4F 4F 2A 2E 2E 2E 
   550 00000070 2A 4F 4F 4F 4F 4F 4F 4F 4F 4F   	DB	"*OOOOOOOOOO*...."
       0000007A 4F 2A 2E 2E 2E 2E 
   551 00000080 2A 4F 4F 4F 4F 4F 4F 4F 4F 4F   	DB	"*OOOOOOOOO*....."
       0000008A 2A 2E 2E 2E 2E 2E 
   552 00000090 2A 4F 4F 4F 4F 4F 4F 4F 4F 2A   	DB	"*OOOOOOOO*......"
       0000009A 2E 2E 2E 2E 2E 2E 
   553 000000A0 2A 4F 4F 4F 4F 4F 4F 4F 2A 2E   	DB	"*OOOOOOO*......."
       000000AA 2E 2E 2E 2E 2E 2E 
   554 000000B0 2A 4F 4F 4F 4F 4F 4F 4F 2A 2E   	DB	"*OOOOOOO*......."
       000000BA 2E 2E 2E 2E 2E 2E 
   555 000000C0 2A 4F 4F 4F 4F 4F 4F 4F 4F 2A   	DB	"*OOOOOOOO*......"
       000000CA 2E 2E 2E 2E 2E 2E 
   556 000000D0 2A 4F 4F 4F 4F 2A 2A 4F 4F 4F   	DB	"*OOOO**OOO*....."
       000000DA 2A 2E 2E 2E 2E 2E 
   557 000000E0 2A 4F 4F 4F 2A 2E 2E 2A 4F 4F   	DB	"*OOO*..*OOO*...."
       000000EA 4F 2A 2E 2E 2E 2E 
   558 000000F0 2A 4F 4F 2A 2E 2E 2E 2E 2A 4F   	DB	"*OO*....*OOO*..."
       000000FA 4F 4F 2A 2E 2E 2E 
   559 00000100 2A 4F 2A 2E 2E 2E 2E 2E 2E 2A   	DB	"*O*......*OOO*.."
       0000010A 4F 4F 4F 2A 2E 2E 
   560 00000110 2A 2A 2E 2E 2E 2E 2E 2E 2E 2E   	DB	"**........*OOO*."
       0000011A 2A 4F 4F 4F 2A 2E 
   561 00000120 2A 2E 2E 2E 2E 2E 2E 2E 2E 2E   	DB	"*..........*OOO*"
       0000012A 2E 2A 4F 4F 4F 2A 
   562 00000130 2E 2E 2E 2E 2E 2E 2E 2E 2E 2E   	DB	"............*OO*"
       0000013A 2E 2E 2A 4F 4F 2A 
   563 00000140 2E 2E 2E 2E 2E 2E 2E 2E 2E 2E   	DB	".............***"
       0000014A 2E 2E 2E 2A 2A 2A 
   564                                          [SECTION .text]
   565 00000466                                 	GLOBAL	_init_mouse_cursor8
   566 00000466                                 _init_mouse_cursor8:
   567 00000466 55                              	PUSH	EBP
   568 00000467 89 E5                           	MOV	EBP,ESP
   569 00000469 57                              	PUSH	EDI
   570 0000046A 56                              	PUSH	ESI
   571 0000046B 31 FF                           	XOR	EDI,EDI
   572 0000046D 53                              	PUSH	EBX
   573 0000046E 31 DB                           	XOR	EBX,EBX
   574 00000470 50                              	PUSH	EAX
   575 00000471 8A 45 0C                        	MOV	AL,BYTE [12+EBP]
   576 00000474 8B 75 08                        	MOV	ESI,DWORD [8+EBP]
   577 00000477 88 45 F3                        	MOV	BYTE [-13+EBP],AL
   578 0000047A                                 L67:
   579 0000047A 31 D2                           	XOR	EDX,EDX
   580 0000047C                                 L66:
   581 0000047C 8D 04 3A                        	LEA	EAX,DWORD [EDX+EDI*1]
   582 0000047F 80 B8 [00000050] 2A             	CMP	BYTE [_cursor.1+EAX],42
   583 00000486 74 35                           	JE	L72
   584 00000488                                 L63:
   585 00000488 80 B8 [00000050] 4F             	CMP	BYTE [_cursor.1+EAX],79
   586 0000048F 74 26                           	JE	L73
   587 00000491                                 L64:
   588 00000491 80 B8 [00000050] 2E             	CMP	BYTE [_cursor.1+EAX],46
   589 00000498 74 15                           	JE	L74
   590 0000049A                                 L61:
   591 0000049A 42                              	INC	EDX
   592 0000049B 83 FA 0F                        	CMP	EDX,15
   593 0000049E 7E DC                           	JLE	L66
   594 000004A0 43                              	INC	EBX
   595 000004A1 83 C7 10                        	ADD	EDI,16
   596 000004A4 83 FB 0F                        	CMP	EBX,15
   597 000004A7 7E D1                           	JLE	L67
   598 000004A9 58                              	POP	EAX
   599 000004AA 5B                              	POP	EBX
   600 000004AB 5E                              	POP	ESI
   601 000004AC 5F                              	POP	EDI
   602 000004AD 5D                              	POP	EBP
   603 000004AE C3                              	RET
   604 000004AF                                 L74:
   605 000004AF 8A 4D F3                        	MOV	CL,BYTE [-13+EBP]
   606 000004B2 88 0C 30                        	MOV	BYTE [EAX+ESI*1],CL
   607 000004B5 EB E3                           	JMP	L61
   608 000004B7                                 L73:
   609 000004B7 C6 04 30 07                     	MOV	BYTE [EAX+ESI*1],7
   610 000004BB EB D4                           	JMP	L64
   611 000004BD                                 L72:
   612 000004BD C6 04 30 00                     	MOV	BYTE [EAX+ESI*1],0
   613 000004C1 EB C5                           	JMP	L63
   614 000004C3                                 	GLOBAL	_putblock8_8
   615 000004C3                                 _putblock8_8:
   616 000004C3 55                              	PUSH	EBP
   617 000004C4 89 E5                           	MOV	EBP,ESP
   618 000004C6 57                              	PUSH	EDI
   619 000004C7 56                              	PUSH	ESI
   620 000004C8 31 F6                           	XOR	ESI,ESI
   621 000004CA 53                              	PUSH	EBX
   622 000004CB 83 EC 0C                        	SUB	ESP,12
   623 000004CE 3B 75 14                        	CMP	ESI,DWORD [20+EBP]
   624 000004D1 7D 3E                           	JGE	L87
   625 000004D3 31 FF                           	XOR	EDI,EDI
   626 000004D5                                 L85:
   627 000004D5 31 DB                           	XOR	EBX,EBX
   628 000004D7 3B 5D 10                        	CMP	EBX,DWORD [16+EBP]
   629 000004DA 7D 2C                           	JGE	L89
   630 000004DC 8B 45 20                        	MOV	EAX,DWORD [32+EBP]
   631 000004DF 01 F8                           	ADD	EAX,EDI
   632 000004E1 89 45 EC                        	MOV	DWORD [-20+EBP],EAX
   633 000004E4                                 L84:
   634 000004E4 8B 45 1C                        	MOV	EAX,DWORD [28+EBP]
   635 000004E7 8B 55 18                        	MOV	EDX,DWORD [24+EBP]
   636 000004EA 01 F0                           	ADD	EAX,ESI
   637 000004EC 01 DA                           	ADD	EDX,EBX
   638 000004EE 0F AF 45 0C                     	IMUL	EAX,DWORD [12+EBP]
   639 000004F2 01 D0                           	ADD	EAX,EDX
   640 000004F4 8B 4D 08                        	MOV	ECX,DWORD [8+EBP]
   641 000004F7 8B 55 EC                        	MOV	EDX,DWORD [-20+EBP]
   642 000004FA 43                              	INC	EBX
   643 000004FB 8A 12                           	MOV	DL,BYTE [EDX]
   644 000004FD 88 14 08                        	MOV	BYTE [EAX+ECX*1],DL
   645 00000500 FF 45 EC                        	INC	DWORD [-20+EBP]
   646 00000503 3B 5D 10                        	CMP	EBX,DWORD [16+EBP]
   647 00000506 7C DC                           	JL	L84
   648 00000508                                 L89:
   649 00000508 46                              	INC	ESI
   650 00000509 03 7D 24                        	ADD	EDI,DWORD [36+EBP]
   651 0000050C 3B 75 14                        	CMP	ESI,DWORD [20+EBP]
   652 0000050F 7C C4                           	JL	L85
   653 00000511                                 L87:
   654 00000511 83 C4 0C                        	ADD	ESP,12
   655 00000514 5B                              	POP	EBX
   656 00000515 5E                              	POP	ESI
   657 00000516 5F                              	POP	EDI
   658 00000517 5D                              	POP	EBP
   659 00000518 C3                              	RET
